<?xml version="1.0" encoding="UTF-8"?>

<coverage generated="1674680188069" clover="3.2.0">
  <project timestamp="1674680188069" name="All files">
    <metrics statements="44" coveredstatements="43" conditionals="28" coveredconditionals="24" methods="11" coveredmethods="10" elements="83" coveredelements="77" complexity="0" loc="44" ncloc="44" packages="1" files="2" classes="2"/>
    <file name="account.js" path="/Users/nicolahearn/Documents/Projects/code-quality-bank/account.js">
      <metrics statements="38" coveredstatements="38" conditionals="24" coveredconditionals="24" methods="9" coveredmethods="9"/>
      <line num="1" count="2" type="stmt"/>
      <line num="5" count="19" type="stmt"/>
      <line num="6" count="19" type="stmt"/>
      <line num="10" count="26" type="stmt"/>
      <line num="11" count="26" type="stmt"/>
      <line num="12" count="26" type="stmt"/>
      <line num="14" count="26" type="stmt"/>
      <line num="18" count="34" type="stmt"/>
      <line num="19" count="34" type="cond" truecount="2" falsecount="0"/>
      <line num="20" count="30" type="cond" truecount="2" falsecount="0"/>
      <line num="22" count="28" type="stmt"/>
      <line num="25" count="2" type="stmt"/>
      <line num="28" count="4" type="stmt"/>
      <line num="33" count="60" type="cond" truecount="2" falsecount="0"/>
      <line num="34" count="5" type="stmt"/>
      <line num="36" count="55" type="stmt"/>
      <line num="41" count="28" type="stmt"/>
      <line num="42" count="28" type="stmt"/>
      <line num="43" count="28" type="cond" truecount="2" falsecount="0"/>
      <line num="44" count="28" type="stmt"/>
      <line num="45" count="28" type="stmt"/>
      <line num="49" count="18" type="cond" truecount="4" falsecount="0"/>
      <line num="50" count="17" type="cond" truecount="2" falsecount="0"/>
      <line num="51" count="17" type="stmt"/>
      <line num="52" count="17" type="stmt"/>
      <line num="54" count="1" type="stmt"/>
      <line num="59" count="12" type="cond" truecount="4" falsecount="0"/>
      <line num="60" count="11" type="cond" truecount="2" falsecount="0"/>
      <line num="61" count="11" type="stmt"/>
      <line num="62" count="11" type="stmt"/>
      <line num="64" count="1" type="stmt"/>
      <line num="69" count="24" type="stmt"/>
      <line num="70" count="4" type="stmt"/>
      <line num="71" count="20" type="cond" truecount="2" falsecount="0"/>
      <line num="72" count="4" type="stmt"/>
      <line num="74" count="16" type="stmt"/>
      <line num="84" count="4" type="stmt"/>
      <line num="98" count="2" type="stmt"/>
    </file>
    <file name="transaction.js" path="/Users/nicolahearn/Documents/Projects/code-quality-bank/transaction.js">
      <metrics statements="6" coveredstatements="5" conditionals="4" coveredconditionals="0" methods="2" coveredmethods="1"/>
      <line num="3" count="28" type="stmt"/>
      <line num="4" count="28" type="stmt"/>
      <line num="5" count="28" type="stmt"/>
      <line num="6" count="28" type="stmt"/>
      <line num="10" count="0" type="cond" truecount="0" falsecount="4"/>
      <line num="14" count="2" type="stmt"/>
    </file>
  </project>
</coverage>
