{"/Users/nicolahearn/Documents/Projects/code-quality-bank/account.js": {"path":"/Users/nicolahearn/Documents/Projects/code-quality-bank/account.js","statementMap":{"0":{"start":{"line":1,"column":20},"end":{"line":1,"column":47}},"1":{"start":{"line":15,"column":4},"end":{"line":15,"column":28}},"2":{"start":{"line":16,"column":4},"end":{"line":16,"column":27}},"3":{"start":{"line":20,"column":17},"end":{"line":20,"column":36}},"4":{"start":{"line":21,"column":18},"end":{"line":21,"column":50}},"5":{"start":{"line":22,"column":16},"end":{"line":22,"column":38}},"6":{"start":{"line":24,"column":4},"end":{"line":24,"column":40}},"7":{"start":{"line":28,"column":4},"end":{"line":28,"column":96}},"8":{"start":{"line":29,"column":4},"end":{"line":29,"column":47}},"9":{"start":{"line":30,"column":4},"end":{"line":30,"column":40}},"10":{"start":{"line":34,"column":4},"end":{"line":34,"column":35}},"11":{"start":{"line":35,"column":28},"end":{"line":35,"column":45}},"12":{"start":{"line":36,"column":4},"end":{"line":36,"column":43}},"13":{"start":{"line":37,"column":4},"end":{"line":37,"column":55}},"14":{"start":{"line":38,"column":4},"end":{"line":38,"column":27}},"15":{"start":{"line":42,"column":4},"end":{"line":42,"column":35}},"16":{"start":{"line":43,"column":28},"end":{"line":43,"column":45}},"17":{"start":{"line":44,"column":4},"end":{"line":44,"column":42}},"18":{"start":{"line":45,"column":4},"end":{"line":45,"column":55}},"19":{"start":{"line":46,"column":4},"end":{"line":46,"column":27}},"20":{"start":{"line":50,"column":19},"end":{"line":50,"column":55}},"21":{"start":{"line":52,"column":32},"end":{"line":52,"column":34}},"22":{"start":{"line":53,"column":4},"end":{"line":53,"column":102}},"23":{"start":{"line":53,"column":55},"end":{"line":53,"column":100}},"24":{"start":{"line":55,"column":4},"end":{"line":55,"column":64}},"25":{"start":{"line":59,"column":0},"end":{"line":59,"column":25}}},"fnMap":{"0":{"name":"(anonymous_0)","decl":{"start":{"line":14,"column":2},"end":{"line":14,"column":3}},"loc":{"start":{"line":14,"column":16},"end":{"line":17,"column":3}},"line":14},"1":{"name":"(anonymous_1)","decl":{"start":{"line":19,"column":2},"end":{"line":19,"column":3}},"loc":{"start":{"line":19,"column":27},"end":{"line":25,"column":3}},"line":19},"2":{"name":"(anonymous_2)","decl":{"start":{"line":27,"column":2},"end":{"line":27,"column":3}},"loc":{"start":{"line":27,"column":44},"end":{"line":32,"column":3}},"line":27},"3":{"name":"(anonymous_3)","decl":{"start":{"line":33,"column":2},"end":{"line":33,"column":3}},"loc":{"start":{"line":33,"column":37},"end":{"line":39,"column":3}},"line":33},"4":{"name":"(anonymous_4)","decl":{"start":{"line":41,"column":2},"end":{"line":41,"column":3}},"loc":{"start":{"line":41,"column":38},"end":{"line":47,"column":3}},"line":41},"5":{"name":"(anonymous_5)","decl":{"start":{"line":49,"column":2},"end":{"line":49,"column":3}},"loc":{"start":{"line":49,"column":19},"end":{"line":56,"column":3}},"line":49},"6":{"name":"(anonymous_6)","decl":{"start":{"line":53,"column":40},"end":{"line":53,"column":41}},"loc":{"start":{"line":53,"column":55},"end":{"line":53,"column":100}},"line":53}},"branchMap":{"0":{"loc":{"start":{"line":28,"column":4},"end":{"line":28,"column":95}},"type":"cond-expr","locations":[{"start":{"line":28,"column":27},"end":{"line":28,"column":50}},{"start":{"line":28,"column":53},"end":{"line":28,"column":95}}],"line":28},"1":{"loc":{"start":{"line":33,"column":18},"end":{"line":33,"column":35}},"type":"default-arg","locations":[{"start":{"line":33,"column":25},"end":{"line":33,"column":35}}],"line":33},"2":{"loc":{"start":{"line":41,"column":19},"end":{"line":41,"column":36}},"type":"default-arg","locations":[{"start":{"line":41,"column":26},"end":{"line":41,"column":36}}],"line":41}},"s":{"0":1,"1":18,"2":18,"3":21,"4":21,"5":21,"6":21,"7":23,"8":23,"9":23,"10":12,"11":12,"12":12,"13":12,"14":12,"15":11,"16":11,"17":11,"18":11,"19":11,"20":4,"21":4,"22":4,"23":9,"24":4,"25":1},"f":{"0":18,"1":21,"2":23,"3":12,"4":11,"5":4,"6":9},"b":{"0":[2,21],"1":[1],"2":[1]},"_coverageSchema":"1a1c01bbd47fc00a2c39e90264f33305004495a9","hash":"2efd5275e5de9c2747bb65b6c36336cf714988d2"}
,"/Users/nicolahearn/Documents/Projects/code-quality-bank/transaction.js": {"path":"/Users/nicolahearn/Documents/Projects/code-quality-bank/transaction.js","statementMap":{"0":{"start":{"line":3,"column":4},"end":{"line":3,"column":21}},"1":{"start":{"line":4,"column":4},"end":{"line":4,"column":30}},"2":{"start":{"line":5,"column":4},"end":{"line":5,"column":29}},"3":{"start":{"line":6,"column":4},"end":{"line":6,"column":24}},"4":{"start":{"line":10,"column":4},"end":{"line":10,"column":218}},"5":{"start":{"line":14,"column":0},"end":{"line":14,"column":29}}},"fnMap":{"0":{"name":"(anonymous_0)","decl":{"start":{"line":2,"column":2},"end":{"line":2,"column":3}},"loc":{"start":{"line":2,"column":16},"end":{"line":7,"column":3}},"line":2},"1":{"name":"(anonymous_1)","decl":{"start":{"line":9,"column":2},"end":{"line":9,"column":3}},"loc":{"start":{"line":9,"column":10},"end":{"line":11,"column":3}},"line":9}},"branchMap":{"0":{"loc":{"start":{"line":10,"column":52},"end":{"line":10,"column":116}},"type":"cond-expr","locations":[{"start":{"line":10,"column":82},"end":{"line":10,"column":84}},{"start":{"line":10,"column":87},"end":{"line":10,"column":116}}],"line":10},"1":{"loc":{"start":{"line":10,"column":123},"end":{"line":10,"column":185}},"type":"cond-expr","locations":[{"start":{"line":10,"column":152},"end":{"line":10,"column":154}},{"start":{"line":10,"column":157},"end":{"line":10,"column":185}}],"line":10}},"s":{"0":26,"1":26,"2":26,"3":26,"4":10,"5":2},"f":{"0":26,"1":10},"b":{"0":[4,6],"1":[6,4]},"_coverageSchema":"1a1c01bbd47fc00a2c39e90264f33305004495a9","hash":"91d281a654b6a21f307ada603c60d4e1264be89c"}
}
