TN:
SF:account.js
FN:14,(anonymous_0)
FN:19,(anonymous_1)
FN:34,(anonymous_2)
FN:40,(anonymous_3)
FN:55,(anonymous_4)
FN:65,(anonymous_5)
FN:76,(anonymous_6)
FN:80,(anonymous_7)
FNF:8
FNH:8
FNDA:20,(anonymous_0)
FNDA:26,(anonymous_1)
FNDA:28,(anonymous_2)
FNDA:28,(anonymous_3)
FNDA:15,(anonymous_4)
FNDA:13,(anonymous_5)
FNDA:4,(anonymous_6)
FNDA:9,(anonymous_7)
DA:1,1
DA:15,20
DA:16,20
DA:21,26
DA:23,26
DA:24,18
DA:27,26
DA:28,26
DA:29,26
DA:31,26
DA:35,28
DA:36,28
DA:37,28
DA:41,28
DA:42,28
DA:43,2
DA:56,15
DA:57,15
DA:58,15
DA:59,15
DA:60,15
DA:61,15
DA:62,15
DA:67,13
DA:68,13
DA:69,13
DA:70,13
DA:71,13
DA:72,13
DA:73,13
DA:77,4
DA:79,4
DA:80,9
DA:82,4
DA:86,1
LF:35
LH:35
BRDA:23,0,0,18
BRDA:23,0,1,8
BRDA:35,1,0,28
BRDA:35,1,1,0
BRDA:41,2,0,28
BRDA:41,2,1,0
BRDA:42,3,0,2
BRDA:42,3,1,26
BRDA:42,4,0,28
BRDA:42,4,1,9
BRDA:55,5,0,1
BRDA:56,6,0,1
BRDA:56,6,1,14
BRDA:65,7,0,1
BRDA:67,8,0,1
BRDA:67,8,1,12
BRF:16
BRH:14
end_of_record
TN:
SF:transaction.js
FN:2,(anonymous_0)
FN:9,(anonymous_1)
FNF:2
FNH:2
FNDA:31,(anonymous_0)
FNDA:10,(anonymous_1)
DA:3,31
DA:4,31
DA:5,31
DA:6,31
DA:10,10
DA:14,2
LF:6
LH:6
BRDA:10,0,0,4
BRDA:10,0,1,6
BRDA:10,1,0,6
BRDA:10,1,1,4
BRF:4
BRH:4
end_of_record
