TN:
SF:account.js
FN:4,(anonymous_0)
FN:9,(anonymous_1)
FN:17,(anonymous_2)
FN:32,(anonymous_3)
FN:40,(anonymous_4)
FN:48,(anonymous_5)
FN:58,(anonymous_6)
FN:68,(anonymous_7)
FN:69,(anonymous_8)
FNF:9
FNH:9
FNDA:19,(anonymous_0)
FNDA:26,(anonymous_1)
FNDA:34,(anonymous_2)
FNDA:60,(anonymous_3)
FNDA:28,(anonymous_4)
FNDA:18,(anonymous_5)
FNDA:12,(anonymous_6)
FNDA:4,(anonymous_7)
FNDA:24,(anonymous_8)
DA:1,2
DA:5,19
DA:6,19
DA:10,26
DA:11,26
DA:12,26
DA:14,26
DA:18,34
DA:19,34
DA:20,30
DA:22,28
DA:25,2
DA:28,4
DA:33,60
DA:34,5
DA:36,55
DA:41,28
DA:42,28
DA:43,28
DA:44,28
DA:45,28
DA:49,18
DA:50,17
DA:51,17
DA:52,17
DA:54,1
DA:59,12
DA:60,11
DA:61,11
DA:62,11
DA:64,1
DA:69,24
DA:70,4
DA:71,20
DA:72,4
DA:74,16
DA:84,4
DA:98,2
LF:38
LH:38
BRDA:19,0,0,30
BRDA:19,0,1,4
BRDA:20,1,0,28
BRDA:20,1,1,2
BRDA:33,2,0,5
BRDA:33,2,1,55
BRDA:43,3,0,17
BRDA:43,3,1,11
BRDA:48,4,0,1
BRDA:49,5,0,17
BRDA:49,5,1,1
BRDA:49,6,0,18
BRDA:49,6,1,17
BRDA:50,7,0,1
BRDA:50,7,1,16
BRDA:58,8,0,1
BRDA:59,9,0,11
BRDA:59,9,1,1
BRDA:59,10,0,12
BRDA:59,10,1,11
BRDA:60,11,0,1
BRDA:60,11,1,10
BRDA:71,12,0,4
BRDA:71,12,1,16
BRF:24
BRH:24
end_of_record
TN:
SF:transaction.js
FN:2,(anonymous_0)
FN:9,(anonymous_1)
FNF:2
FNH:1
FNDA:28,(anonymous_0)
FNDA:0,(anonymous_1)
DA:3,28
DA:4,28
DA:5,28
DA:6,28
DA:10,0
DA:14,2
LF:6
LH:5
BRDA:10,0,0,0
BRDA:10,0,1,0
BRDA:10,1,0,0
BRDA:10,1,1,0
BRF:4
BRH:0
end_of_record
